<?xml version="1.0" encoding="UTF-8"?>
<!-- Generated by org.testng.reporters.JUnitReportReporter -->
<testsuite hostname="LAPTOP-VGBFU46S" failures="0" tests="2" name="piit.AutomationTrainingProgram.Execution" time="0.001" errors="0" timestamp="2022-05-10T16:41:26 PDT" skipped="0">
  <testcase classname="piit.AutomationTrainingProgram.Execution" name="f" time="0.000"/>
  <system-out/>
  <testcase classname="piit.AutomationTrainingProgram.Execution" name="Test2" time="0.001"/>
  <system-out/>
</testsuite> <!-- piit.AutomationTrainingProgram.Execution -->
