<?xml version="1.0" encoding="UTF-8"?>
<!-- Generated by org.testng.reporters.JUnitReportReporter -->
<testsuite hostname="LAPTOP-VGBFU46S" failures="0" tests="2" name="piit.AutomationTrainingProgram.SignINSignOUT" time="19.937" errors="0" timestamp="2022-05-11T15:38:36 PDT" skipped="0">
  <testcase classname="piit.AutomationTrainingProgram.SignINSignOUT" name="f" time="13.454"/>
  <system-out/>
  <testcase classname="piit.AutomationTrainingProgram.SignINSignOUT" name="TextVerificationMethod" time="6.483"/>
  <system-out/>
</testsuite> <!-- piit.AutomationTrainingProgram.SignINSignOUT -->
