<?xml version="1.0" encoding="UTF-8"?>
<!-- Generated by org.testng.reporters.JUnitReportReporter -->
<testsuite hostname="LAPTOP-VGBFU46S" failures="0" tests="1" name="piit.AutomationTrainingProgram.Browsersd" time="0.186" errors="0" timestamp="2022-05-10T16:41:26 PDT" skipped="0">
  <testcase classname="piit.AutomationTrainingProgram.Browsersd" name="f" time="0.186"/>
  <system-out/>
</testsuite> <!-- piit.AutomationTrainingProgram.Browsersd -->
